{
  "stats": {
    "suites": 3,
    "tests": 6,
    "passes": 6,
    "pending": 0,
    "failures": 0,
    "start": "2018-02-14T13:56:41.766Z",
    "end": "2018-02-14T13:56:41.992Z",
    "duration": 226,
    "testsRegistered": 6,
    "passPercent": 100,
    "pendingPercent": 0,
    "other": 0,
    "hasOther": false,
    "skipped": 0,
    "hasSkipped": false,
    "passPercentClass": "success",
    "pendingPercentClass": "danger"
  },
  "suites": {
    "uuid": "401063be-654d-47e9-a343-d4a74c7274af",
    "title": "",
    "fullFile": "",
    "file": "",
    "beforeHooks": [],
    "afterHooks": [],
    "tests": [],
    "suites": [
      {
        "uuid": "8f6b3871-3fa2-4d88-ac08-9afa360d7035",
        "title": "Chapter 2 - Triangle of Hashes",
        "fullFile": "C:\\repositories\\eloquent-js-solutions\\tests\\test.js",
        "file": "\\tests\\test.js",
        "beforeHooks": [],
        "afterHooks": [],
        "tests": [
          {
            "title": "logs out a triangle made up of 7 final hashes",
            "fullTitle": "Chapter 2 - Triangle of Hashes logs out a triangle made up of 7 final hashes",
            "timedOut": false,
            "duration": 16,
            "state": "passed",
            "speed": "fast",
            "pass": true,
            "fail": false,
            "pending": false,
            "code": "var spy = _sinon2.default.spy(console, 'log');\n(0, _triangle2.default)();\n_sinon2.default.assert.callCount(spy, 7);\n_sinon2.default.assert.calledWith(spy, '#');\n_sinon2.default.assert.calledWith(spy, '##');\n_sinon2.default.assert.calledWith(spy, '###');\n_sinon2.default.assert.calledWith(spy, '####');\n_sinon2.default.assert.calledWith(spy, '#####');\n_sinon2.default.assert.calledWith(spy, '######');\n_sinon2.default.assert.calledWith(spy, '#######');\nspy.restore();",
            "err": {},
            "isRoot": false,
            "uuid": "12321cb9-4496-4b44-b94a-6f3dfc3601f8",
            "isHook": false,
            "skipped": false
          }
        ],
        "suites": [],
        "passes": [
          "12321cb9-4496-4b44-b94a-6f3dfc3601f8"
        ],
        "failures": [],
        "pending": [],
        "skipped": [],
        "duration": 16,
        "root": false,
        "rootEmpty": false,
        "_timeout": 2000
      },
      {
        "uuid": "3eaf61bc-84ef-458c-a71c-a156a3797b88",
        "title": "Chapter 2 - FizzBuzz",
        "fullFile": "C:\\repositories\\eloquent-js-solutions\\tests\\test.js",
        "file": "\\tests\\test.js",
        "beforeHooks": [],
        "afterHooks": [],
        "tests": [
          {
            "title": "logs out the numbers 1 - 100",
            "fullTitle": "Chapter 2 - FizzBuzz logs out the numbers 1 - 100",
            "timedOut": false,
            "duration": 107,
            "state": "passed",
            "speed": "slow",
            "pass": true,
            "fail": false,
            "pending": false,
            "code": "var spy = _sinon2.default.spy(console, 'log');\n(0, _fizzBuzz2.default)();\n_sinon2.default.assert.callCount(spy, 100);\n_sinon2.default.assert.calledWith(spy, 'Fizz');\n_sinon2.default.assert.calledWith(spy, 'Buzz');\n_sinon2.default.assert.calledWith(spy, 'FizzBuzz');\nspy.restore();",
            "err": {},
            "isRoot": false,
            "uuid": "ec051e0f-b6c4-4359-86f1-f7267617eff4",
            "isHook": false,
            "skipped": false
          }
        ],
        "suites": [],
        "passes": [
          "ec051e0f-b6c4-4359-86f1-f7267617eff4"
        ],
        "failures": [],
        "pending": [],
        "skipped": [],
        "duration": 107,
        "root": false,
        "rootEmpty": false,
        "_timeout": 2000
      },
      {
        "uuid": "8a75537a-5657-4256-9484-e25eb05ddfd8",
        "title": "Chapter 2 - Grid",
        "fullFile": "C:\\repositories\\eloquent-js-solutions\\tests\\test.js",
        "file": "\\tests\\test.js",
        "beforeHooks": [],
        "afterHooks": [],
        "tests": [
          {
            "title": "returns an 8 x 8 grid",
            "fullTitle": "Chapter 2 - Grid returns an 8 x 8 grid",
            "timedOut": false,
            "duration": 3,
            "state": "passed",
            "speed": "fast",
            "pass": true,
            "fail": false,
            "pending": false,
            "code": "var run = (0, _grid2.default)(8);\nvar gridEight = ' # # # #\\n# # # # \\n # # # #\\n# # # # \\n # # # #\\n# # # # \\n # # # #\\n# # # # \\n';\n(0, _chai.expect)(run).to.equal(gridEight);",
            "err": {},
            "isRoot": false,
            "uuid": "990bb4b5-7449-4d8c-bd2c-38057e566163",
            "isHook": false,
            "skipped": false
          },
          {
            "title": "returns ' Please enter a positive integer greater than zero'",
            "fullTitle": "Chapter 2 - Grid returns ' Please enter a positive integer greater than zero'",
            "timedOut": false,
            "duration": 0,
            "state": "passed",
            "speed": "fast",
            "pass": true,
            "fail": false,
            "pending": false,
            "code": "var run = (0, _grid2.default)(0);\n(0, _chai.expect)(run).to.equal('Please enter a positive integer greater than zero');",
            "err": {},
            "isRoot": false,
            "uuid": "6027c9a1-3993-47f6-8cd6-ab1b2a31f3f2",
            "isHook": false,
            "skipped": false
          },
          {
            "title": "returns ' Please enter a positive integer greater than zero'",
            "fullTitle": "Chapter 2 - Grid returns ' Please enter a positive integer greater than zero'",
            "timedOut": false,
            "duration": 0,
            "state": "passed",
            "speed": "fast",
            "pass": true,
            "fail": false,
            "pending": false,
            "code": "var run = (0, _grid2.default)(-3);\n(0, _chai.expect)(run).to.equal('Please enter a positive integer greater than zero');",
            "err": {},
            "isRoot": false,
            "uuid": "bf6ee741-dbce-4ec3-95cd-25a07f2d64f8",
            "isHook": false,
            "skipped": false
          },
          {
            "title": "returns ' Please enter a positive whole number integer greater than zero'",
            "fullTitle": "Chapter 2 - Grid returns ' Please enter a positive whole number integer greater than zero'",
            "timedOut": false,
            "duration": 0,
            "state": "passed",
            "speed": "fast",
            "pass": true,
            "fail": false,
            "pending": false,
            "code": "var run = (0, _grid2.default)(2.58);\n(0, _chai.expect)(run).to.equal('Please enter a positive whole number integer greater than zero');",
            "err": {},
            "isRoot": false,
            "uuid": "d358d94f-f8e1-4c99-9939-86702263e8d0",
            "isHook": false,
            "skipped": false
          }
        ],
        "suites": [],
        "passes": [
          "990bb4b5-7449-4d8c-bd2c-38057e566163",
          "6027c9a1-3993-47f6-8cd6-ab1b2a31f3f2",
          "bf6ee741-dbce-4ec3-95cd-25a07f2d64f8",
          "d358d94f-f8e1-4c99-9939-86702263e8d0"
        ],
        "failures": [],
        "pending": [],
        "skipped": [],
        "duration": 3,
        "root": false,
        "rootEmpty": false,
        "_timeout": 2000
      }
    ],
    "passes": [],
    "failures": [],
    "pending": [],
    "skipped": [],
    "duration": 0,
    "root": true,
    "rootEmpty": true,
    "_timeout": 2000
  },
  "copyrightYear": 2018
}